<?xml version="1.0" encoding="UTF-8"?>
<testsuite xmlns:xsi="http://www.w3.org/2001/XMLSchema-instance" xsi:noNamespaceSchemaLocation="https://maven.apache.org/surefire/maven-surefire-plugin/xsd/surefire-test-report-3.0.xsd" version="3.0" name="com.example.demo.DemoApplicationTests" time="4.867" tests="1" errors="0" skipped="0" failures="0">
  <properties>
[...]
</properties>
  <testcase name="contextLoads" classname="com.example.demo.DemoApplicationTests" time="0.475">
    <system-out><![CDATA[02:07:45.294 [main] INFO org.springframework.test.context.support.AnnotationConfigContextLoaderUtils -- Could not detect default configuration classes for test class [com.example.demo.DemoApplicationTests]: DemoApplicationTests does not declare any static, non-private, non-final, nested classes annotated with @Configuration.
02:07:45.402 [main] INFO org.springframework.boot.test.context.SpringBootTestContextBootstrapper -- Found @SpringBootConfiguration com.example.demo.DemoApplication for test class com.example.demo.DemoApplicationTests

  .   ____          _            __ _ _
 /\\ / ___'_ __ _ _(_)_ __  __ _ \ \ \ \
( ( )\___ | '_ | '_| | '_ \/ _` | \ \ \ \
 \\/  ___)| |_)| | | | | || (_| |  ) ) ) )
  '  |____| .__|_| |_|_| |_\__, | / / / /
 =========|_|==============|___/=/_/_/_/
 :: Spring Boot ::                (v3.1.0)

2024-12-11T02:07:45.823Z  INFO 176312 --- [           main] com.example.demo.DemoApplicationTests    : Starting DemoApplicationTests using Java 17.0.10 with PID 176312 (started by user in /projects/board-spring)
2024-12-11T02:07:45.824Z  INFO 176312 --- [           main] com.example.demo.DemoApplicationTests    : No active profile set, falling back to 1 default profile: "default"
2024-12-11T02:07:46.658Z  INFO 176312 --- [           main] .s.d.r.c.RepositoryConfigurationDelegate : Bootstrapping Spring Data JPA repositories in DEFAULT mode.
2024-12-11T02:07:46.710Z  INFO 176312 --- [           main] .s.d.r.c.RepositoryConfigurationDelegate : Finished Spring Data repository scanning in 47 ms. Found 3 JPA repository interfaces.
2024-12-11T02:07:47.172Z  INFO 176312 --- [           main] o.hibernate.jpa.internal.util.LogHelper  : HHH000204: Processing PersistenceUnitInfo [name: default]
2024-12-11T02:07:47.201Z  INFO 176312 --- [           main] org.hibernate.Version                    : HHH000412: Hibernate ORM core version 6.2.2.Final
2024-12-11T02:07:47.204Z  INFO 176312 --- [           main] org.hibernate.cfg.Environment            : HHH000406: Using bytecode reflection optimizer
2024-12-11T02:07:47.266Z DEBUG 176312 --- [           main] org.hibernate.type.BasicTypeRegistry     : Adding type registration boolean -> org.hibernate.type.BasicTypeReference@6aa5974e
2024-12-11T02:07:47.266Z DEBUG 176312 --- [           main] org.hibernate.type.BasicTypeRegistry     : Adding type registration boolean -> org.hibernate.type.BasicTypeReference@6aa5974e
2024-12-11T02:07:47.266Z DEBUG 176312 --- [           main] org.hibernate.type.BasicTypeRegistry     : Adding type registration java.lang.Boolean -> org.hibernate.type.BasicTypeReference@6aa5974e
2024-12-11T02:07:47.266Z DEBUG 176312 --- [           main] org.hibernate.type.BasicTypeRegistry     : Adding type registration numeric_boolean -> org.hibernate.type.BasicTypeReference@5e5ddfbc
2024-12-11T02:07:47.266Z DEBUG 176312 --- [           main] org.hibernate.type.BasicTypeRegistry     : Adding type registration org.hibernate.type.NumericBooleanConverter -> org.hibernate.type.BasicTypeReference@5e5ddfbc
2024-12-11T02:07:47.266Z DEBUG 176312 --- [           main] org.hibernate.type.BasicTypeRegistry     : Adding type registration true_false -> org.hibernate.type.BasicTypeReference@5bda157e
2024-12-11T02:07:47.267Z DEBUG 176312 --- [           main] org.hibernate.type.BasicTypeRegistry     : Adding type registration org.hibernate.type.TrueFalseConverter -> org.hibernate.type.BasicTypeReference@5bda157e
2024-12-11T02:07:47.267Z DEBUG 176312 --- [           main] org.hibernate.type.BasicTypeRegistry     : Adding type registration yes_no -> org.hibernate.type.BasicTypeReference@67e0fd6d
2024-12-11T02:07:47.267Z DEBUG 176312 --- [           main] org.hibernate.type.BasicTypeRegistry     : Adding type registration org.hibernate.type.YesNoConverter -> org.hibernate.type.BasicTypeReference@67e0fd6d
2024-12-11T02:07:47.267Z DEBUG 176312 --- [           main] org.hibernate.type.BasicTypeRegistry     : Adding type registration byte -> org.hibernate.type.BasicTypeReference@21390938
2024-12-11T02:07:47.267Z DEBUG 176312 --- [           main] org.hibernate.type.BasicTypeRegistry     : Adding type registration byte -> org.hibernate.type.BasicTypeReference@21390938
2024-12-11T02:07:47.267Z DEBUG 176312 --- [           main] org.hibernate.type.BasicTypeRegistry     : Adding type registration java.lang.Byte -> org.hibernate.type.BasicTypeReference@21390938
2024-12-11T02:07:47.268Z DEBUG 176312 --- [           main] org.hibernate.type.BasicTypeRegistry     : Adding type registration binary -> org.hibernate.type.BasicTypeReference@1129829c
2024-12-11T02:07:47.269Z DEBUG 176312 --- [           main] org.hibernate.type.BasicTypeRegistry     : Adding type registration byte[] -> org.hibernate.type.BasicTypeReference@1129829c
2024-12-11T02:07:47.269Z DEBUG 176312 --- [           main] org.hibernate.type.BasicTypeRegistry     : Adding type registration [B -> org.hibernate.type.BasicTypeReference@1129829c
2024-12-11T02:07:47.269Z DEBUG 176312 --- [           main] org.hibernate.type.BasicTypeRegistry     : Adding type registration binary_wrapper -> org.hibernate.type.BasicTypeReference@13213f26
2024-12-11T02:07:47.269Z DEBUG 176312 --- [           main] org.hibernate.type.BasicTypeRegistry     : Adding type registration wrapper-binary -> org.hibernate.type.BasicTypeReference@13213f26
2024-12-11T02:07:47.269Z DEBUG 176312 --- [           main] org.hibernate.type.BasicTypeRegistry     : Adding type registration image -> org.hibernate.type.BasicTypeReference@4e4162bc
2024-12-11T02:07:47.269Z DEBUG 176312 --- [           main] org.hibernate.type.BasicTypeRegistry     : Adding type registration blob -> org.hibernate.type.BasicTypeReference@4c319d52
2024-12-11T02:07:47.269Z DEBUG 176312 --- [           main] org.hibernate.type.BasicTypeRegistry     : Adding type registration java.sql.Blob -> org.hibernate.type.BasicTypeReference@4c319d52
2024-12-11T02:07:47.270Z DEBUG 176312 --- [           main] org.hibernate.type.BasicTypeRegistry     : Adding type registration materialized_blob -> org.hibernate.type.BasicTypeReference@72fbf94d
2024-12-11T02:07:47.270Z DEBUG 176312 --- [           main] org.hibernate.type.BasicTypeRegistry     : Adding type registration materialized_blob_wrapper -> org.hibernate.type.BasicTypeReference@6839203b
2024-12-11T02:07:47.270Z DEBUG 176312 --- [           main] org.hibernate.type.BasicTypeRegistry     : Adding type registration short -> org.hibernate.type.BasicTypeReference@2d28fb02
2024-12-11T02:07:47.270Z DEBUG 176312 --- [           main] org.hibernate.type.BasicTypeRegistry     : Adding type registration short -> org.hibernate.type.BasicTypeReference@2d28fb02
2024-12-11T02:07:47.270Z DEBUG 176312 --- [           main] org.hibernate.type.BasicTypeRegistry     : Adding type registration java.lang.Short -> org.hibernate.type.BasicTypeReference@2d28fb02
2024-12-11T02:07:47.270Z DEBUG 176312 --- [           main] org.hibernate.type.BasicTypeRegistry     : Adding type registration integer -> org.hibernate.type.BasicTypeReference@6db328f8
2024-12-11T02:07:47.270Z DEBUG 176312 --- [           main] org.hibernate.type.BasicTypeRegistry     : Adding type registration int -> org.hibernate.type.BasicTypeReference@6db328f8
2024-12-11T02:07:47.270Z DEBUG 176312 --- [           main] org.hibernate.type.BasicTypeRegistry     : Adding type registration java.lang.Integer -> org.hibernate.type.BasicTypeReference@6db328f8
2024-12-11T02:07:47.270Z DEBUG 176312 --- [           main] org.hibernate.type.BasicTypeRegistry     : Adding type registration long -> org.hibernate.type.BasicTypeReference@402f8592
2024-12-11T02:07:47.271Z DEBUG 176312 --- [           main] org.hibernate.type.BasicTypeRegistry     : Adding type registration long -> org.hibernate.type.BasicTypeReference@402f8592
2024-12-11T02:07:47.272Z DEBUG 176312 --- [           main] org.hibernate.type.BasicTypeRegistry     : Adding type registration java.lang.Long -> org.hibernate.type.BasicTypeReference@402f8592
2024-12-11T02:07:47.272Z DEBUG 176312 --- [           main] org.hibernate.type.BasicTypeRegistry     : Adding type registration float -> org.hibernate.type.BasicTypeReference@61b65d54
2024-12-11T02:07:47.272Z DEBUG 176312 --- [           main] org.hibernate.type.BasicTypeRegistry     : Adding type registration float -> org.hibernate.type.BasicTypeReference@61b65d54
2024-12-11T02:07:47.273Z DEBUG 176312 --- [           main] org.hibernate.type.BasicTypeRegistry     : Adding type registration java.lang.Float -> org.hibernate.type.BasicTypeReference@61b65d54
2024-12-11T02:07:47.273Z DEBUG 176312 --- [           main] org.hibernate.type.BasicTypeRegistry     : Adding type registration double -> org.hibernate.type.BasicTypeReference@b2c4a8b
2024-12-11T02:07:47.273Z DEBUG 176312 --- [           main] org.hibernate.type.BasicTypeRegistry     : Adding type registration double -> org.hibernate.type.BasicTypeReference@b2c4a8b
2024-12-11T02:07:47.273Z DEBUG 176312 --- [           main] org.hibernate.type.BasicTypeRegistry     : Adding type registration java.lang.Double -> org.hibernate.type.BasicTypeReference@b2c4a8b
2024-12-11T02:07:47.273Z DEBUG 176312 --- [           main] org.hibernate.type.BasicTypeRegistry     : Adding type registration big_integer -> org.hibernate.type.BasicTypeReference@7f2c57fe
2024-12-11T02:07:47.273Z DEBUG 176312 --- [           main] org.hibernate.type.BasicTypeRegistry     : Adding type registration java.math.BigInteger -> org.hibernate.type.BasicTypeReference@7f2c57fe
2024-12-11T02:07:47.274Z DEBUG 176312 --- [           main] org.hibernate.type.BasicTypeRegistry     : Adding type registration big_decimal -> org.hibernate.type.BasicTypeReference@43935e9c
2024-12-11T02:07:47.274Z DEBUG 176312 --- [           main] org.hibernate.type.BasicTypeRegistry     : Adding type registration java.math.BigDecimal -> org.hibernate.type.BasicTypeReference@43935e9c
2024-12-11T02:07:47.274Z DEBUG 176312 --- [           main] org.hibernate.type.BasicTypeRegistry     : Adding type registration character -> org.hibernate.type.BasicTypeReference@101cf747
2024-12-11T02:07:47.274Z DEBUG 176312 --- [           main] org.hibernate.type.BasicTypeRegistry     : Adding type registration char -> org.hibernate.type.BasicTypeReference@101cf747
2024-12-11T02:07:47.275Z DEBUG 176312 --- [           main] org.hibernate.type.BasicTypeRegistry     : Adding type registration java.lang.Character -> org.hibernate.type.BasicTypeReference@101cf747
2024-12-11T02:07:47.275Z DEBUG 176312 --- [           main] org.hibernate.type.BasicTypeRegistry     : Adding type registration character_nchar -> org.hibernate.type.BasicTypeReference@790d8fdd
2024-12-11T02:07:47.275Z DEBUG 176312 --- [           main] org.hibernate.type.BasicTypeRegistry     : Adding type registration string -> org.hibernate.type.BasicTypeReference@6403a4a5
2024-12-11T02:07:47.276Z DEBUG 176312 --- [           main] org.hibernate.type.BasicTypeRegistry     : Adding type registration java.lang.String -> org.hibernate.type.BasicTypeReference@6403a4a5
2024-12-11T02:07:47.276Z DEBUG 176312 --- [           main] org.hibernate.type.BasicTypeRegistry     : Adding type registration nstring -> org.hibernate.type.BasicTypeReference@3dbd7107
2024-12-11T02:07:47.277Z DEBUG 176312 --- [           main] org.hibernate.type.BasicTypeRegistry     : Adding type registration characters -> org.hibernate.type.BasicTypeReference@4a6c0f38
2024-12-11T02:07:47.277Z DEBUG 176312 --- [           main] org.hibernate.type.BasicTypeRegistry     : Adding type registration char[] -> org.hibernate.type.BasicTypeReference@4a6c0f38
2024-12-11T02:07:47.277Z DEBUG 176312 --- [           main] org.hibernate.type.BasicTypeRegistry     : Adding type registration [C -> org.hibernate.type.BasicTypeReference@4a6c0f38
2024-12-11T02:07:47.277Z DEBUG 176312 --- [           main] org.hibernate.type.BasicTypeRegistry     : Adding type registration wrapper-characters -> org.hibernate.type.BasicTypeReference@5f8a02cf
2024-12-11T02:07:47.277Z DEBUG 176312 --- [           main] org.hibernate.type.BasicTypeRegistry     : Adding type registration text -> org.hibernate.type.BasicTypeReference@26d5a317
2024-12-11T02:07:47.277Z DEBUG 176312 --- [           main] org.hibernate.type.BasicTypeRegistry     : Adding type registration ntext -> org.hibernate.type.BasicTypeReference@70b6db83
2024-12-11T02:07:47.277Z DEBUG 176312 --- [           main] org.hibernate.type.BasicTypeRegistry     : Adding type registration clob -> org.hibernate.type.BasicTypeReference@5a090f62
2024-12-11T02:07:47.278Z DEBUG 176312 --- [           main] org.hibernate.type.BasicTypeRegistry     : Adding type registration java.sql.Clob -> org.hibernate.type.BasicTypeReference@5a090f62
2024-12-11T02:07:47.278Z DEBUG 176312 --- [           main] org.hibernate.type.BasicTypeRegistry     : Adding type registration nclob -> org.hibernate.type.BasicTypeReference@559af296
2024-12-11T02:07:47.278Z DEBUG 176312 --- [           main] org.hibernate.type.BasicTypeRegistry     : Adding type registration java.sql.NClob -> org.hibernate.type.BasicTypeReference@559af296
2024-12-11T02:07:47.278Z DEBUG 176312 --- [           main] org.hibernate.type.BasicTypeRegistry     : Adding type registration materialized_clob -> org.hibernate.type.BasicTypeReference@5edc3e29
2024-12-11T02:07:47.278Z DEBUG 176312 --- [           main] org.hibernate.type.BasicTypeRegistry     : Adding type registration materialized_clob_char_array -> org.hibernate.type.BasicTypeReference@18709cb2
2024-12-11T02:07:47.278Z DEBUG 176312 --- [           main] org.hibernate.type.BasicTypeRegistry     : Adding type registration materialized_clob_character_array -> org.hibernate.type.BasicTypeReference@a90e2c1
2024-12-11T02:07:47.278Z DEBUG 176312 --- [           main] org.hibernate.type.BasicTypeRegistry     : Adding type registration materialized_nclob -> org.hibernate.type.BasicTypeReference@89caf47
2024-12-11T02:07:47.278Z DEBUG 176312 --- [           main] org.hibernate.type.BasicTypeRegistry     : Adding type registration materialized_nclob_character_array -> org.hibernate.type.BasicTypeReference@370ef50b
2024-12-11T02:07:47.278Z DEBUG 176312 --- [           main] org.hibernate.type.BasicTypeRegistry     : Adding type registration materialized_nclob_char_array -> org.hibernate.type.BasicTypeReference@2b877a54
2024-12-11T02:07:47.279Z DEBUG 176312 --- [           main] org.hibernate.type.BasicTypeRegistry     : Adding type registration Duration -> org.hibernate.type.BasicTypeReference@268c030f
2024-12-11T02:07:47.279Z DEBUG 176312 --- [           main] org.hibernate.type.BasicTypeRegistry     : Adding type registration java.time.Duration -> org.hibernate.type.BasicTypeReference@268c030f
2024-12-11T02:07:47.279Z DEBUG 176312 --- [           main] org.hibernate.type.BasicTypeRegistry     : Adding type registration LocalDateTime -> org.hibernate.type.BasicTypeReference@4b87760e
2024-12-11T02:07:47.279Z DEBUG 176312 --- [           main] org.hibernate.type.BasicTypeRegistry     : Adding type registration java.time.LocalDateTime -> org.hibernate.type.BasicTypeReference@4b87760e
2024-12-11T02:07:47.279Z DEBUG 176312 --- [           main] org.hibernate.type.BasicTypeRegistry     : Adding type registration LocalDate -> org.hibernate.type.BasicTypeReference@be164d8
2024-12-11T02:07:47.279Z DEBUG 176312 --- [           main] org.hibernate.type.BasicTypeRegistry     : Adding type registration java.time.LocalDate -> org.hibernate.type.BasicTypeReference@be164d8
2024-12-11T02:07:47.279Z DEBUG 176312 --- [           main] org.hibernate.type.BasicTypeRegistry     : Adding type registration LocalTime -> org.hibernate.type.BasicTypeReference@1b24ea2a
2024-12-11T02:07:47.280Z DEBUG 176312 --- [           main] org.hibernate.type.BasicTypeRegistry     : Adding type registration java.time.LocalTime -> org.hibernate.type.BasicTypeReference@1b24ea2a
2024-12-11T02:07:47.280Z DEBUG 176312 --- [           main] org.hibernate.type.BasicTypeRegistry     : Adding type registration OffsetDateTime -> org.hibernate.type.BasicTypeReference@5df6163a
2024-12-11T02:07:47.280Z DEBUG 176312 --- [           main] org.hibernate.type.BasicTypeRegistry     : Adding type registration java.time.OffsetDateTime -> org.hibernate.type.BasicTypeReference@5df6163a
2024-12-11T02:07:47.280Z DEBUG 176312 --- [           main] org.hibernate.type.BasicTypeRegistry     : Adding type registration OffsetDateTimeWithTimezone -> org.hibernate.type.BasicTypeReference@2d313c8c
2024-12-11T02:07:47.281Z DEBUG 176312 --- [           main] org.hibernate.type.BasicTypeRegistry     : Adding type registration OffsetDateTimeWithoutTimezone -> org.hibernate.type.BasicTypeReference@2df65a56
2024-12-11T02:07:47.281Z DEBUG 176312 --- [           main] org.hibernate.type.BasicTypeRegistry     : Adding type registration OffsetTime -> org.hibernate.type.BasicTypeReference@113f9078
2024-12-11T02:07:47.281Z DEBUG 176312 --- [           main] org.hibernate.type.BasicTypeRegistry     : Adding type registration java.time.OffsetTime -> org.hibernate.type.BasicTypeReference@113f9078
2024-12-11T02:07:47.281Z DEBUG 176312 --- [           main] org.hibernate.type.BasicTypeRegistry     : Adding type registration OffsetTimeUtc -> org.hibernate.type.BasicTypeReference@7c1503a3
2024-12-11T02:07:47.281Z DEBUG 176312 --- [           main] org.hibernate.type.BasicTypeRegistry     : Adding type registration OffsetTimeWithTimezone -> org.hibernate.type.BasicTypeReference@586495f1
2024-12-11T02:07:47.281Z DEBUG 176312 --- [           main] org.hibernate.type.BasicTypeRegistry     : Adding type registration OffsetTimeWithoutTimezone -> org.hibernate.type.BasicTypeReference@47df5041
2024-12-11T02:07:47.281Z DEBUG 176312 --- [           main] org.hibernate.type.BasicTypeRegistry     : Adding type registration ZonedDateTime -> org.hibernate.type.BasicTypeReference@2a0ea492
2024-12-11T02:07:47.281Z DEBUG 176312 --- [           main] org.hibernate.type.BasicTypeRegistry     : Adding type registration java.time.ZonedDateTime -> org.hibernate.type.BasicTypeReference@2a0ea492
2024-12-11T02:07:47.281Z DEBUG 176312 --- [           main] org.hibernate.type.BasicTypeRegistry     : Adding type registration ZonedDateTimeWithTimezone -> org.hibernate.type.BasicTypeReference@7e52a26b
2024-12-11T02:07:47.281Z DEBUG 176312 --- [           main] org.hibernate.type.BasicTypeRegistry     : Adding type registration ZonedDateTimeWithoutTimezone -> org.hibernate.type.BasicTypeReference@2e56b4d
2024-12-11T02:07:47.281Z DEBUG 176312 --- [           main] org.hibernate.type.BasicTypeRegistry     : Adding type registration date -> org.hibernate.type.BasicTypeReference@3f857e08
2024-12-11T02:07:47.281Z DEBUG 176312 --- [           main] org.hibernate.type.BasicTypeRegistry     : Adding type registration java.sql.Date -> org.hibernate.type.BasicTypeReference@3f857e08
2024-12-11T02:07:47.281Z DEBUG 176312 --- [           main] org.hibernate.type.BasicTypeRegistry     : Adding type registration time -> org.hibernate.type.BasicTypeReference@6070775e
2024-12-11T02:07:47.281Z DEBUG 176312 --- [           main] org.hibernate.type.BasicTypeRegistry     : Adding type registration java.sql.Time -> org.hibernate.type.BasicTypeReference@6070775e
2024-12-11T02:07:47.281Z DEBUG 176312 --- [           main] org.hibernate.type.BasicTypeRegistry     : Adding type registration timestamp -> org.hibernate.type.BasicTypeReference@b5ac0c1
2024-12-11T02:07:47.281Z DEBUG 176312 --- [           main] org.hibernate.type.BasicTypeRegistry     : Adding type registration java.sql.Timestamp -> org.hibernate.type.BasicTypeReference@b5ac0c1
2024-12-11T02:07:47.282Z DEBUG 176312 --- [           main] org.hibernate.type.BasicTypeRegistry     : Adding type registration java.util.Date -> org.hibernate.type.BasicTypeReference@b5ac0c1
2024-12-11T02:07:47.283Z DEBUG 176312 --- [           main] org.hibernate.type.BasicTypeRegistry     : Adding type registration calendar -> org.hibernate.type.BasicTypeReference@224c7de4
2024-12-11T02:07:47.284Z DEBUG 176312 --- [           main] org.hibernate.type.BasicTypeRegistry     : Adding type registration java.util.Calendar -> org.hibernate.type.BasicTypeReference@224c7de4
2024-12-11T02:07:47.284Z DEBUG 176312 --- [           main] org.hibernate.type.BasicTypeRegistry     : Adding type registration java.util.GregorianCalendar -> org.hibernate.type.BasicTypeReference@224c7de4
2024-12-11T02:07:47.284Z DEBUG 176312 --- [           main] org.hibernate.type.BasicTypeRegistry     : Adding type registration calendar_date -> org.hibernate.type.BasicTypeReference@36ad229b
2024-12-11T02:07:47.284Z DEBUG 176312 --- [           main] org.hibernate.type.BasicTypeRegistry     : Adding type registration calendar_time -> org.hibernate.type.BasicTypeReference@55846997
2024-12-11T02:07:47.285Z DEBUG 176312 --- [           main] org.hibernate.type.BasicTypeRegistry     : Adding type registration instant -> org.hibernate.type.BasicTypeReference@805e72e
2024-12-11T02:07:47.285Z DEBUG 176312 --- [           main] org.hibernate.type.BasicTypeRegistry     : Adding type registration java.time.Instant -> org.hibernate.type.BasicTypeReference@805e72e
2024-12-11T02:07:47.285Z DEBUG 176312 --- [           main] org.hibernate.type.BasicTypeRegistry     : Adding type registration uuid -> org.hibernate.type.BasicTypeReference@49671897
2024-12-11T02:07:47.285Z DEBUG 176312 --- [           main] org.hibernate.type.BasicTypeRegistry     : Adding type registration java.util.UUID -> org.hibernate.type.BasicTypeReference@49671897
2024-12-11T02:07:47.287Z DEBUG 176312 --- [           main] org.hibernate.type.BasicTypeRegistry     : Adding type registration pg-uuid -> org.hibernate.type.BasicTypeReference@49671897
2024-12-11T02:07:47.287Z DEBUG 176312 --- [           main] org.hibernate.type.BasicTypeRegistry     : Adding type registration uuid-binary -> org.hibernate.type.BasicTypeReference@168142da
2024-12-11T02:07:47.287Z DEBUG 176312 --- [           main] org.hibernate.type.BasicTypeRegistry     : Adding type registration uuid-char -> org.hibernate.type.BasicTypeReference@60bf494c
2024-12-11T02:07:47.287Z DEBUG 176312 --- [           main] org.hibernate.type.BasicTypeRegistry     : Adding type registration class -> org.hibernate.type.BasicTypeReference@47a4eee2
2024-12-11T02:07:47.287Z DEBUG 176312 --- [           main] org.hibernate.type.BasicTypeRegistry     : Adding type registration java.lang.Class -> org.hibernate.type.BasicTypeReference@47a4eee2
2024-12-11T02:07:47.287Z DEBUG 176312 --- [           main] org.hibernate.type.BasicTypeRegistry     : Adding type registration currency -> org.hibernate.type.BasicTypeReference@36f6e521
2024-12-11T02:07:47.287Z DEBUG 176312 --- [           main] org.hibernate.type.BasicTypeRegistry     : Adding type registration Currency -> org.hibernate.type.BasicTypeReference@36f6e521
2024-12-11T02:07:47.287Z DEBUG 176312 --- [           main] org.hibernate.type.BasicTypeRegistry     : Adding type registration java.util.Currency -> org.hibernate.type.BasicTypeReference@36f6e521
2024-12-11T02:07:47.288Z DEBUG 176312 --- [           main] org.hibernate.type.BasicTypeRegistry     : Adding type registration locale -> org.hibernate.type.BasicTypeReference@2afdf6b7
2024-12-11T02:07:47.288Z DEBUG 176312 --- [           main] org.hibernate.type.BasicTypeRegistry     : Adding type registration java.util.Locale -> org.hibernate.type.BasicTypeReference@2afdf6b7
2024-12-11T02:07:47.288Z DEBUG 176312 --- [           main] org.hibernate.type.BasicTypeRegistry     : Adding type registration serializable -> org.hibernate.type.BasicTypeReference@30922f8d
2024-12-11T02:07:47.288Z DEBUG 176312 --- [           main] org.hibernate.type.BasicTypeRegistry     : Adding type registration java.io.Serializable -> org.hibernate.type.BasicTypeReference@30922f8d
2024-12-11T02:07:47.288Z DEBUG 176312 --- [           main] org.hibernate.type.BasicTypeRegistry     : Adding type registration timezone -> org.hibernate.type.BasicTypeReference@50211483
2024-12-11T02:07:47.289Z DEBUG 176312 --- [           main] org.hibernate.type.BasicTypeRegistry     : Adding type registration java.util.TimeZone -> org.hibernate.type.BasicTypeReference@50211483
2024-12-11T02:07:47.289Z DEBUG 176312 --- [           main] org.hibernate.type.BasicTypeRegistry     : Adding type registration ZoneOffset -> org.hibernate.type.BasicTypeReference@51ff3c4b
2024-12-11T02:07:47.289Z DEBUG 176312 --- [           main] org.hibernate.type.BasicTypeRegistry     : Adding type registration java.time.ZoneOffset -> org.hibernate.type.BasicTypeReference@51ff3c4b
2024-12-11T02:07:47.290Z DEBUG 176312 --- [           main] org.hibernate.type.BasicTypeRegistry     : Adding type registration url -> org.hibernate.type.BasicTypeReference@1472208d
2024-12-11T02:07:47.290Z DEBUG 176312 --- [           main] org.hibernate.type.BasicTypeRegistry     : Adding type registration java.net.URL -> org.hibernate.type.BasicTypeReference@1472208d
2024-12-11T02:07:47.291Z DEBUG 176312 --- [           main] org.hibernate.type.BasicTypeRegistry     : Adding type registration row_version -> org.hibernate.type.BasicTypeReference@35bd8bc9
2024-12-11T02:07:47.293Z DEBUG 176312 --- [           main] org.hibernate.type.BasicTypeRegistry     : Adding type registration object -> org.hibernate.type.JavaObjectType@4702e7a5
2024-12-11T02:07:47.294Z DEBUG 176312 --- [           main] org.hibernate.type.BasicTypeRegistry     : Adding type registration java.lang.Object -> org.hibernate.type.JavaObjectType@4702e7a5
2024-12-11T02:07:47.295Z DEBUG 176312 --- [           main] org.hibernate.type.BasicTypeRegistry     : Adding type registration null -> org.hibernate.type.NullType@7c7e73c5
2024-12-11T02:07:47.296Z DEBUG 176312 --- [           main] org.hibernate.type.BasicTypeRegistry     : Adding type registration imm_date -> org.hibernate.type.BasicTypeReference@13cc0b90
2024-12-11T02:07:47.296Z DEBUG 176312 --- [           main] org.hibernate.type.BasicTypeRegistry     : Adding type registration imm_time -> org.hibernate.type.BasicTypeReference@58687fb7
2024-12-11T02:07:47.296Z DEBUG 176312 --- [           main] org.hibernate.type.BasicTypeRegistry     : Adding type registration imm_timestamp -> org.hibernate.type.BasicTypeReference@3554bdc0
2024-12-11T02:07:47.296Z DEBUG 176312 --- [           main] org.hibernate.type.BasicTypeRegistry     : Adding type registration imm_calendar -> org.hibernate.type.BasicTypeReference@3a3b10f4
2024-12-11T02:07:47.296Z DEBUG 176312 --- [           main] org.hibernate.type.BasicTypeRegistry     : Adding type registration imm_calendar_date -> org.hibernate.type.BasicTypeReference@49580ca8
2024-12-11T02:07:47.296Z DEBUG 176312 --- [           main] org.hibernate.type.BasicTypeRegistry     : Adding type registration imm_calendar_time -> org.hibernate.type.BasicTypeReference@525647f3
2024-12-11T02:07:47.296Z DEBUG 176312 --- [           main] org.hibernate.type.BasicTypeRegistry     : Adding type registration imm_binary -> org.hibernate.type.BasicTypeReference@42fc4ac4
2024-12-11T02:07:47.297Z DEBUG 176312 --- [           main] org.hibernate.type.BasicTypeRegistry     : Adding type registration imm_serializable -> org.hibernate.type.BasicTypeReference@20a24edf
2024-12-11T02:07:47.311Z  INFO 176312 --- [           main] o.h.b.i.BytecodeProviderInitiator        : HHH000021: Bytecode provider name : bytebuddy
2024-12-11T02:07:47.438Z  INFO 176312 --- [           main] o.s.o.j.p.SpringPersistenceUnitInfo      : No LoadTimeWeaver setup: ignoring JPA class transformer
2024-12-11T02:07:47.453Z  INFO 176312 --- [           main] com.zaxxer.hikari.HikariDataSource       : HikariPool-1 - Starting...
2024-12-11T02:07:47.585Z  INFO 176312 --- [           main] com.zaxxer.hikari.pool.HikariPool        : HikariPool-1 - Added connection conn0: url=jdbc:h2:mem:test user=SA
2024-12-11T02:07:47.587Z  INFO 176312 --- [           main] com.zaxxer.hikari.HikariDataSource       : HikariPool-1 - Start completed.
2024-12-11T02:07:47.611Z  INFO 176312 --- [           main] org.hibernate.orm.dialect                : HHH035001: Using dialect: org.hibernate.dialect.H2Dialect, version: 2.1.214
2024-12-11T02:07:47.627Z DEBUG 176312 --- [           main] o.h.t.d.jdbc.spi.JdbcTypeRegistry        : addDescriptor(NCharTypeDescriptor) replaced previous registration(CharTypeDescriptor)
2024-12-11T02:07:47.627Z DEBUG 176312 --- [           main] o.h.t.d.jdbc.spi.JdbcTypeRegistry        : addDescriptor(NVarcharTypeDescriptor) replaced previous registration(VarcharTypeDescriptor)
2024-12-11T02:07:47.627Z DEBUG 176312 --- [           main] o.h.t.d.jdbc.spi.JdbcTypeRegistry        : addDescriptor(LongNVarcharTypeDescriptor) replaced previous registration(LongVarcharTypeDescriptor)
2024-12-11T02:07:47.629Z DEBUG 176312 --- [           main] o.h.t.d.jdbc.spi.JdbcTypeRegistry        : addDescriptor(NClobTypeDescriptor(DEFAULT)) replaced previous registration(ClobTypeDescriptor(DEFAULT))
2024-12-11T02:07:47.629Z DEBUG 176312 --- [           main] o.h.t.d.jdbc.spi.JdbcTypeRegistry        : addDescriptor(2005, ClobTypeDescriptor(STREAM_BINDING)) replaced previous registration(ClobTypeDescriptor(DEFAULT))
2024-12-11T02:07:47.634Z DEBUG 176312 --- [           main] o.h.t.d.jdbc.spi.JdbcTypeRegistry        : addDescriptor(TimestampUtcDescriptor) replaced previous registration(TimestampUtcDescriptor)
2024-12-11T02:07:47.635Z DEBUG 176312 --- [           main] o.h.t.d.jdbc.spi.JdbcTypeRegistry        : addDescriptor(3100, NumericTypeDescriptor) replaced previous registration(org.hibernate.dialect.H2DurationIntervalSecondJdbcType@14485747)
2024-12-11T02:07:47.637Z DEBUG 176312 --- [           main] o.h.type.spi.TypeConfiguration$Scope     : Scoping TypeConfiguration [org.hibernate.type.spi.TypeConfiguration@37ffe4f3] to MetadataBuildingContext [org.hibernate.boot.internal.MetadataBuildingContextRootImpl@4fa0ee7e]
2024-12-11T02:07:47.758Z  INFO 176312 --- [           main] o.h.b.i.BytecodeProviderInitiator        : HHH000021: Bytecode provider name : bytebuddy
2024-12-11T02:07:48.256Z  INFO 176312 --- [           main] o.h.e.t.j.p.i.JtaPlatformInitiator       : HHH000490: Using JtaPlatform implementation: [org.hibernate.engine.transaction.jta.platform.internal.NoJtaPlatform]
2024-12-11T02:07:48.257Z DEBUG 176312 --- [           main] o.h.type.spi.TypeConfiguration$Scope     : Scoping TypeConfiguration [org.hibernate.type.spi.TypeConfiguration@37ffe4f3] to SessionFactoryImplementor [org.hibernate.internal.SessionFactoryImpl@6148827c]
Hibernate: 
    create table board_entity (
        id bigint not null,
        author varchar(10) not null,
        content TEXT not null,
        created_date timestamp(6),
        file_id bigint,
        modified_date timestamp(6),
        title varchar(100) not null,
        primary key (id)
    )
Hibernate: 
    create table file_entity (
        id bigint not null,
        file_path varchar(255) not null,
        filename varchar(255) not null,
        orig_filename varchar(255) not null,
        primary key (id)
    )
Hibernate: 
    create table user_entity (
        id bigint not null,
        email varchar(255) not null,
        password varchar(255) not null,
        primary key (id)
    )
Hibernate: 
    alter table if exists user_entity 
       drop constraint if exists UK_4xad1enskw4j1t2866f7sodrx
Hibernate: 
    alter table if exists user_entity 
       add constraint UK_4xad1enskw4j1t2866f7sodrx unique (email)
Hibernate: 
    create sequence board_entity_seq start with 1 increment by 50
Hibernate: 
    create sequence file_entity_seq start with 1 increment by 50
2024-12-11T02:07:48.296Z TRACE 176312 --- [           main] o.h.type.spi.TypeConfiguration$Scope     : Handling #sessionFactoryCreated from [org.hibernate.internal.SessionFactoryImpl@6148827c] for TypeConfiguration
2024-12-11T02:07:48.296Z  INFO 176312 --- [           main] j.LocalContainerEntityManagerFactoryBean : Initialized JPA EntityManagerFactory for persistence unit 'default'
2024-12-11T02:07:48.845Z  WARN 176312 --- [           main] JpaBaseConfiguration$JpaWebConfiguration : spring.jpa.open-in-view is enabled by default. Therefore, database queries may be performed during view rendering. Explicitly configure spring.jpa.open-in-view to disable this warning
2024-12-11T02:07:48.975Z  INFO 176312 --- [           main] o.s.s.web.DefaultSecurityFilterChain     : Will secure any request with [org.springframework.security.web.session.DisableEncodeUrlFilter@10f384a2, org.springframework.security.web.context.request.async.WebAsyncManagerIntegrationFilter@57fae911, org.springframework.security.web.context.SecurityContextHolderFilter@11fb1691, org.springframework.security.web.header.HeaderWriterFilter@74b521c, org.springframework.security.web.authentication.logout.LogoutFilter@99af41d, org.springframework.security.web.savedrequest.RequestCacheAwareFilter@215404a1, org.springframework.security.web.servletapi.SecurityContextHolderAwareRequestFilter@402c415e, org.springframework.security.web.authentication.AnonymousAuthenticationFilter@52a0bc48, org.springframework.security.web.session.SessionManagementFilter@5cea47a1, org.springframework.security.web.access.ExceptionTranslationFilter@68722de3, org.springframework.security.web.access.intercept.AuthorizationFilter@5542418c]
2024-12-11T02:07:49.512Z  INFO 176312 --- [           main] com.example.demo.DemoApplicationTests    : Started DemoApplicationTests in 4.011 seconds (process running for 4.878)
]]></system-out>
  </testcase>
</testsuite>