<?xml version="1.0" encoding="UTF-8"?>
<testsuite xmlns:xsi="http://www.w3.org/2001/XMLSchema-instance" xsi:noNamespaceSchemaLocation="https://maven.apache.org/surefire/maven-surefire-plugin/xsd/surefire-test-report-3.0.xsd" version="3.0" name="com.example.demo.DemoApplicationTests" time="2.608" tests="1" errors="0" skipped="0" failures="0">
  <properties>
[...]
</properties>
  <testcase name="contextLoads" classname="com.example.demo.DemoApplicationTests" time="0.316">
    <system-out><![CDATA[17:36:03.312 [main] INFO org.springframework.test.context.support.AnnotationConfigContextLoaderUtils -- Could not detect default configuration classes for test class [com.example.demo.DemoApplicationTests]: DemoApplicationTests does not declare any static, non-private, non-final, nested classes annotated with @Configuration.
17:36:03.352 [main] INFO org.springframework.boot.test.context.SpringBootTestContextBootstrapper -- Found @SpringBootConfiguration com.example.demo.DemoApplication for test class com.example.demo.DemoApplicationTests

  .   ____          _            __ _ _
 /\\ / ___'_ __ _ _(_)_ __  __ _ \ \ \ \
( ( )\___ | '_ | '_| | '_ \/ _` | \ \ \ \
 \\/  ___)| |_)| | | | | || (_| |  ) ) ) )
  '  |____| .__|_| |_|_| |_\__, | / / / /
 =========|_|==============|___/=/_/_/_/
 :: Spring Boot ::                (v3.1.0)

2023-06-19T17:36:03.546+09:00  INFO 3870 --- [           main] com.example.demo.DemoApplicationTests    : Starting DemoApplicationTests using Java 20.0.1 with PID 3870 (started by wun in /Users/wun/IdeaProjects/demo)
2023-06-19T17:36:03.546+09:00  INFO 3870 --- [           main] com.example.demo.DemoApplicationTests    : No active profile set, falling back to 1 default profile: "default"
2023-06-19T17:36:03.910+09:00  INFO 3870 --- [           main] .s.d.r.c.RepositoryConfigurationDelegate : Bootstrapping Spring Data JPA repositories in DEFAULT mode.
2023-06-19T17:36:03.935+09:00  INFO 3870 --- [           main] .s.d.r.c.RepositoryConfigurationDelegate : Finished Spring Data repository scanning in 21 ms. Found 1 JPA repository interfaces.
2023-06-19T17:36:04.156+09:00  INFO 3870 --- [           main] o.hibernate.jpa.internal.util.LogHelper  : HHH000204: Processing PersistenceUnitInfo [name: default]
2023-06-19T17:36:04.179+09:00  INFO 3870 --- [           main] org.hibernate.Version                    : HHH000412: Hibernate ORM core version 6.2.2.Final
2023-06-19T17:36:04.180+09:00  INFO 3870 --- [           main] org.hibernate.cfg.Environment            : HHH000406: Using bytecode reflection optimizer
2023-06-19T17:36:04.225+09:00 DEBUG 3870 --- [           main] org.hibernate.type.BasicTypeRegistry     : Adding type registration boolean -> org.hibernate.type.BasicTypeReference@2dfeb141
2023-06-19T17:36:04.226+09:00 DEBUG 3870 --- [           main] org.hibernate.type.BasicTypeRegistry     : Adding type registration boolean -> org.hibernate.type.BasicTypeReference@2dfeb141
2023-06-19T17:36:04.226+09:00 DEBUG 3870 --- [           main] org.hibernate.type.BasicTypeRegistry     : Adding type registration java.lang.Boolean -> org.hibernate.type.BasicTypeReference@2dfeb141
2023-06-19T17:36:04.226+09:00 DEBUG 3870 --- [           main] org.hibernate.type.BasicTypeRegistry     : Adding type registration numeric_boolean -> org.hibernate.type.BasicTypeReference@629e8212
2023-06-19T17:36:04.226+09:00 DEBUG 3870 --- [           main] org.hibernate.type.BasicTypeRegistry     : Adding type registration org.hibernate.type.NumericBooleanConverter -> org.hibernate.type.BasicTypeReference@629e8212
2023-06-19T17:36:04.226+09:00 DEBUG 3870 --- [           main] org.hibernate.type.BasicTypeRegistry     : Adding type registration true_false -> org.hibernate.type.BasicTypeReference@498c535d
2023-06-19T17:36:04.226+09:00 DEBUG 3870 --- [           main] org.hibernate.type.BasicTypeRegistry     : Adding type registration org.hibernate.type.TrueFalseConverter -> org.hibernate.type.BasicTypeReference@498c535d
2023-06-19T17:36:04.226+09:00 DEBUG 3870 --- [           main] org.hibernate.type.BasicTypeRegistry     : Adding type registration yes_no -> org.hibernate.type.BasicTypeReference@16ee9aa7
2023-06-19T17:36:04.226+09:00 DEBUG 3870 --- [           main] org.hibernate.type.BasicTypeRegistry     : Adding type registration org.hibernate.type.YesNoConverter -> org.hibernate.type.BasicTypeReference@16ee9aa7
2023-06-19T17:36:04.226+09:00 DEBUG 3870 --- [           main] org.hibernate.type.BasicTypeRegistry     : Adding type registration byte -> org.hibernate.type.BasicTypeReference@4e424582
2023-06-19T17:36:04.226+09:00 DEBUG 3870 --- [           main] org.hibernate.type.BasicTypeRegistry     : Adding type registration byte -> org.hibernate.type.BasicTypeReference@4e424582
2023-06-19T17:36:04.226+09:00 DEBUG 3870 --- [           main] org.hibernate.type.BasicTypeRegistry     : Adding type registration java.lang.Byte -> org.hibernate.type.BasicTypeReference@4e424582
2023-06-19T17:36:04.226+09:00 DEBUG 3870 --- [           main] org.hibernate.type.BasicTypeRegistry     : Adding type registration binary -> org.hibernate.type.BasicTypeReference@58dad04a
2023-06-19T17:36:04.226+09:00 DEBUG 3870 --- [           main] org.hibernate.type.BasicTypeRegistry     : Adding type registration byte[] -> org.hibernate.type.BasicTypeReference@58dad04a
2023-06-19T17:36:04.226+09:00 DEBUG 3870 --- [           main] org.hibernate.type.BasicTypeRegistry     : Adding type registration [B -> org.hibernate.type.BasicTypeReference@58dad04a
2023-06-19T17:36:04.227+09:00 DEBUG 3870 --- [           main] org.hibernate.type.BasicTypeRegistry     : Adding type registration binary_wrapper -> org.hibernate.type.BasicTypeReference@73e776b7
2023-06-19T17:36:04.227+09:00 DEBUG 3870 --- [           main] org.hibernate.type.BasicTypeRegistry     : Adding type registration wrapper-binary -> org.hibernate.type.BasicTypeReference@73e776b7
2023-06-19T17:36:04.227+09:00 DEBUG 3870 --- [           main] org.hibernate.type.BasicTypeRegistry     : Adding type registration image -> org.hibernate.type.BasicTypeReference@113ee1ce
2023-06-19T17:36:04.227+09:00 DEBUG 3870 --- [           main] org.hibernate.type.BasicTypeRegistry     : Adding type registration blob -> org.hibernate.type.BasicTypeReference@4d0cc83e
2023-06-19T17:36:04.227+09:00 DEBUG 3870 --- [           main] org.hibernate.type.BasicTypeRegistry     : Adding type registration java.sql.Blob -> org.hibernate.type.BasicTypeReference@4d0cc83e
2023-06-19T17:36:04.227+09:00 DEBUG 3870 --- [           main] org.hibernate.type.BasicTypeRegistry     : Adding type registration materialized_blob -> org.hibernate.type.BasicTypeReference@43da0955
2023-06-19T17:36:04.227+09:00 DEBUG 3870 --- [           main] org.hibernate.type.BasicTypeRegistry     : Adding type registration materialized_blob_wrapper -> org.hibernate.type.BasicTypeReference@bc09d57
2023-06-19T17:36:04.227+09:00 DEBUG 3870 --- [           main] org.hibernate.type.BasicTypeRegistry     : Adding type registration short -> org.hibernate.type.BasicTypeReference@6d963d70
2023-06-19T17:36:04.227+09:00 DEBUG 3870 --- [           main] org.hibernate.type.BasicTypeRegistry     : Adding type registration short -> org.hibernate.type.BasicTypeReference@6d963d70
2023-06-19T17:36:04.227+09:00 DEBUG 3870 --- [           main] org.hibernate.type.BasicTypeRegistry     : Adding type registration java.lang.Short -> org.hibernate.type.BasicTypeReference@6d963d70
2023-06-19T17:36:04.227+09:00 DEBUG 3870 --- [           main] org.hibernate.type.BasicTypeRegistry     : Adding type registration integer -> org.hibernate.type.BasicTypeReference@467045c4
2023-06-19T17:36:04.227+09:00 DEBUG 3870 --- [           main] org.hibernate.type.BasicTypeRegistry     : Adding type registration int -> org.hibernate.type.BasicTypeReference@467045c4
2023-06-19T17:36:04.227+09:00 DEBUG 3870 --- [           main] org.hibernate.type.BasicTypeRegistry     : Adding type registration java.lang.Integer -> org.hibernate.type.BasicTypeReference@467045c4
2023-06-19T17:36:04.227+09:00 DEBUG 3870 --- [           main] org.hibernate.type.BasicTypeRegistry     : Adding type registration long -> org.hibernate.type.BasicTypeReference@55736cfe
2023-06-19T17:36:04.227+09:00 DEBUG 3870 --- [           main] org.hibernate.type.BasicTypeRegistry     : Adding type registration long -> org.hibernate.type.BasicTypeReference@55736cfe
2023-06-19T17:36:04.227+09:00 DEBUG 3870 --- [           main] org.hibernate.type.BasicTypeRegistry     : Adding type registration java.lang.Long -> org.hibernate.type.BasicTypeReference@55736cfe
2023-06-19T17:36:04.228+09:00 DEBUG 3870 --- [           main] org.hibernate.type.BasicTypeRegistry     : Adding type registration float -> org.hibernate.type.BasicTypeReference@5a566922
2023-06-19T17:36:04.228+09:00 DEBUG 3870 --- [           main] org.hibernate.type.BasicTypeRegistry     : Adding type registration float -> org.hibernate.type.BasicTypeReference@5a566922
2023-06-19T17:36:04.228+09:00 DEBUG 3870 --- [           main] org.hibernate.type.BasicTypeRegistry     : Adding type registration java.lang.Float -> org.hibernate.type.BasicTypeReference@5a566922
2023-06-19T17:36:04.228+09:00 DEBUG 3870 --- [           main] org.hibernate.type.BasicTypeRegistry     : Adding type registration double -> org.hibernate.type.BasicTypeReference@6f7a2a5
2023-06-19T17:36:04.228+09:00 DEBUG 3870 --- [           main] org.hibernate.type.BasicTypeRegistry     : Adding type registration double -> org.hibernate.type.BasicTypeReference@6f7a2a5
2023-06-19T17:36:04.228+09:00 DEBUG 3870 --- [           main] org.hibernate.type.BasicTypeRegistry     : Adding type registration java.lang.Double -> org.hibernate.type.BasicTypeReference@6f7a2a5
2023-06-19T17:36:04.228+09:00 DEBUG 3870 --- [           main] org.hibernate.type.BasicTypeRegistry     : Adding type registration big_integer -> org.hibernate.type.BasicTypeReference@42ed89da
2023-06-19T17:36:04.228+09:00 DEBUG 3870 --- [           main] org.hibernate.type.BasicTypeRegistry     : Adding type registration java.math.BigInteger -> org.hibernate.type.BasicTypeReference@42ed89da
2023-06-19T17:36:04.228+09:00 DEBUG 3870 --- [           main] org.hibernate.type.BasicTypeRegistry     : Adding type registration big_decimal -> org.hibernate.type.BasicTypeReference@c3719e5
2023-06-19T17:36:04.228+09:00 DEBUG 3870 --- [           main] org.hibernate.type.BasicTypeRegistry     : Adding type registration java.math.BigDecimal -> org.hibernate.type.BasicTypeReference@c3719e5
2023-06-19T17:36:04.228+09:00 DEBUG 3870 --- [           main] org.hibernate.type.BasicTypeRegistry     : Adding type registration character -> org.hibernate.type.BasicTypeReference@65c17e38
2023-06-19T17:36:04.228+09:00 DEBUG 3870 --- [           main] org.hibernate.type.BasicTypeRegistry     : Adding type registration char -> org.hibernate.type.BasicTypeReference@65c17e38
2023-06-19T17:36:04.228+09:00 DEBUG 3870 --- [           main] org.hibernate.type.BasicTypeRegistry     : Adding type registration java.lang.Character -> org.hibernate.type.BasicTypeReference@65c17e38
2023-06-19T17:36:04.229+09:00 DEBUG 3870 --- [           main] org.hibernate.type.BasicTypeRegistry     : Adding type registration character_nchar -> org.hibernate.type.BasicTypeReference@5e180aaf
2023-06-19T17:36:04.229+09:00 DEBUG 3870 --- [           main] org.hibernate.type.BasicTypeRegistry     : Adding type registration string -> org.hibernate.type.BasicTypeReference@7015ebef
2023-06-19T17:36:04.229+09:00 DEBUG 3870 --- [           main] org.hibernate.type.BasicTypeRegistry     : Adding type registration java.lang.String -> org.hibernate.type.BasicTypeReference@7015ebef
2023-06-19T17:36:04.229+09:00 DEBUG 3870 --- [           main] org.hibernate.type.BasicTypeRegistry     : Adding type registration nstring -> org.hibernate.type.BasicTypeReference@44592c39
2023-06-19T17:36:04.229+09:00 DEBUG 3870 --- [           main] org.hibernate.type.BasicTypeRegistry     : Adding type registration characters -> org.hibernate.type.BasicTypeReference@2a87ba34
2023-06-19T17:36:04.229+09:00 DEBUG 3870 --- [           main] org.hibernate.type.BasicTypeRegistry     : Adding type registration char[] -> org.hibernate.type.BasicTypeReference@2a87ba34
2023-06-19T17:36:04.229+09:00 DEBUG 3870 --- [           main] org.hibernate.type.BasicTypeRegistry     : Adding type registration [C -> org.hibernate.type.BasicTypeReference@2a87ba34
2023-06-19T17:36:04.229+09:00 DEBUG 3870 --- [           main] org.hibernate.type.BasicTypeRegistry     : Adding type registration wrapper-characters -> org.hibernate.type.BasicTypeReference@34d480b9
2023-06-19T17:36:04.229+09:00 DEBUG 3870 --- [           main] org.hibernate.type.BasicTypeRegistry     : Adding type registration text -> org.hibernate.type.BasicTypeReference@6b415f5f
2023-06-19T17:36:04.229+09:00 DEBUG 3870 --- [           main] org.hibernate.type.BasicTypeRegistry     : Adding type registration ntext -> org.hibernate.type.BasicTypeReference@66749eea
2023-06-19T17:36:04.229+09:00 DEBUG 3870 --- [           main] org.hibernate.type.BasicTypeRegistry     : Adding type registration clob -> org.hibernate.type.BasicTypeReference@7135ce0a
2023-06-19T17:36:04.229+09:00 DEBUG 3870 --- [           main] org.hibernate.type.BasicTypeRegistry     : Adding type registration java.sql.Clob -> org.hibernate.type.BasicTypeReference@7135ce0a
2023-06-19T17:36:04.229+09:00 DEBUG 3870 --- [           main] org.hibernate.type.BasicTypeRegistry     : Adding type registration nclob -> org.hibernate.type.BasicTypeReference@617449dd
2023-06-19T17:36:04.229+09:00 DEBUG 3870 --- [           main] org.hibernate.type.BasicTypeRegistry     : Adding type registration java.sql.NClob -> org.hibernate.type.BasicTypeReference@617449dd
2023-06-19T17:36:04.229+09:00 DEBUG 3870 --- [           main] org.hibernate.type.BasicTypeRegistry     : Adding type registration materialized_clob -> org.hibernate.type.BasicTypeReference@2e590b
2023-06-19T17:36:04.229+09:00 DEBUG 3870 --- [           main] org.hibernate.type.BasicTypeRegistry     : Adding type registration materialized_clob_char_array -> org.hibernate.type.BasicTypeReference@42ef042a
2023-06-19T17:36:04.229+09:00 DEBUG 3870 --- [           main] org.hibernate.type.BasicTypeRegistry     : Adding type registration materialized_clob_character_array -> org.hibernate.type.BasicTypeReference@1df5c7e3
2023-06-19T17:36:04.230+09:00 DEBUG 3870 --- [           main] org.hibernate.type.BasicTypeRegistry     : Adding type registration materialized_nclob -> org.hibernate.type.BasicTypeReference@5e0c4f21
2023-06-19T17:36:04.230+09:00 DEBUG 3870 --- [           main] org.hibernate.type.BasicTypeRegistry     : Adding type registration materialized_nclob_character_array -> org.hibernate.type.BasicTypeReference@2c18a3ea
2023-06-19T17:36:04.230+09:00 DEBUG 3870 --- [           main] org.hibernate.type.BasicTypeRegistry     : Adding type registration materialized_nclob_char_array -> org.hibernate.type.BasicTypeReference@166c2c17
2023-06-19T17:36:04.230+09:00 DEBUG 3870 --- [           main] org.hibernate.type.BasicTypeRegistry     : Adding type registration Duration -> org.hibernate.type.BasicTypeReference@25953be6
2023-06-19T17:36:04.230+09:00 DEBUG 3870 --- [           main] org.hibernate.type.BasicTypeRegistry     : Adding type registration java.time.Duration -> org.hibernate.type.BasicTypeReference@25953be6
2023-06-19T17:36:04.230+09:00 DEBUG 3870 --- [           main] org.hibernate.type.BasicTypeRegistry     : Adding type registration LocalDateTime -> org.hibernate.type.BasicTypeReference@19dc0d32
2023-06-19T17:36:04.230+09:00 DEBUG 3870 --- [           main] org.hibernate.type.BasicTypeRegistry     : Adding type registration java.time.LocalDateTime -> org.hibernate.type.BasicTypeReference@19dc0d32
2023-06-19T17:36:04.230+09:00 DEBUG 3870 --- [           main] org.hibernate.type.BasicTypeRegistry     : Adding type registration LocalDate -> org.hibernate.type.BasicTypeReference@70b2fa10
2023-06-19T17:36:04.230+09:00 DEBUG 3870 --- [           main] org.hibernate.type.BasicTypeRegistry     : Adding type registration java.time.LocalDate -> org.hibernate.type.BasicTypeReference@70b2fa10
2023-06-19T17:36:04.230+09:00 DEBUG 3870 --- [           main] org.hibernate.type.BasicTypeRegistry     : Adding type registration LocalTime -> org.hibernate.type.BasicTypeReference@7c96c85
2023-06-19T17:36:04.230+09:00 DEBUG 3870 --- [           main] org.hibernate.type.BasicTypeRegistry     : Adding type registration java.time.LocalTime -> org.hibernate.type.BasicTypeReference@7c96c85
2023-06-19T17:36:04.230+09:00 DEBUG 3870 --- [           main] org.hibernate.type.BasicTypeRegistry     : Adding type registration OffsetDateTime -> org.hibernate.type.BasicTypeReference@b0f2d91
2023-06-19T17:36:04.230+09:00 DEBUG 3870 --- [           main] org.hibernate.type.BasicTypeRegistry     : Adding type registration java.time.OffsetDateTime -> org.hibernate.type.BasicTypeReference@b0f2d91
2023-06-19T17:36:04.230+09:00 DEBUG 3870 --- [           main] org.hibernate.type.BasicTypeRegistry     : Adding type registration OffsetDateTimeWithTimezone -> org.hibernate.type.BasicTypeReference@7243145f
2023-06-19T17:36:04.230+09:00 DEBUG 3870 --- [           main] org.hibernate.type.BasicTypeRegistry     : Adding type registration OffsetDateTimeWithoutTimezone -> org.hibernate.type.BasicTypeReference@15c6027d
2023-06-19T17:36:04.230+09:00 DEBUG 3870 --- [           main] org.hibernate.type.BasicTypeRegistry     : Adding type registration OffsetTime -> org.hibernate.type.BasicTypeReference@5927f904
2023-06-19T17:36:04.230+09:00 DEBUG 3870 --- [           main] org.hibernate.type.BasicTypeRegistry     : Adding type registration java.time.OffsetTime -> org.hibernate.type.BasicTypeReference@5927f904
2023-06-19T17:36:04.230+09:00 DEBUG 3870 --- [           main] org.hibernate.type.BasicTypeRegistry     : Adding type registration OffsetTimeUtc -> org.hibernate.type.BasicTypeReference@2bb62414
2023-06-19T17:36:04.230+09:00 DEBUG 3870 --- [           main] org.hibernate.type.BasicTypeRegistry     : Adding type registration OffsetTimeWithTimezone -> org.hibernate.type.BasicTypeReference@413d2cd1
2023-06-19T17:36:04.231+09:00 DEBUG 3870 --- [           main] org.hibernate.type.BasicTypeRegistry     : Adding type registration OffsetTimeWithoutTimezone -> org.hibernate.type.BasicTypeReference@644d1b61
2023-06-19T17:36:04.231+09:00 DEBUG 3870 --- [           main] org.hibernate.type.BasicTypeRegistry     : Adding type registration ZonedDateTime -> org.hibernate.type.BasicTypeReference@2443135
2023-06-19T17:36:04.231+09:00 DEBUG 3870 --- [           main] org.hibernate.type.BasicTypeRegistry     : Adding type registration java.time.ZonedDateTime -> org.hibernate.type.BasicTypeReference@2443135
2023-06-19T17:36:04.231+09:00 DEBUG 3870 --- [           main] org.hibernate.type.BasicTypeRegistry     : Adding type registration ZonedDateTimeWithTimezone -> org.hibernate.type.BasicTypeReference@184823ed
2023-06-19T17:36:04.231+09:00 DEBUG 3870 --- [           main] org.hibernate.type.BasicTypeRegistry     : Adding type registration ZonedDateTimeWithoutTimezone -> org.hibernate.type.BasicTypeReference@30bbcf91
2023-06-19T17:36:04.231+09:00 DEBUG 3870 --- [           main] org.hibernate.type.BasicTypeRegistry     : Adding type registration date -> org.hibernate.type.BasicTypeReference@3ca14cf4
2023-06-19T17:36:04.231+09:00 DEBUG 3870 --- [           main] org.hibernate.type.BasicTypeRegistry     : Adding type registration java.sql.Date -> org.hibernate.type.BasicTypeReference@3ca14cf4
2023-06-19T17:36:04.231+09:00 DEBUG 3870 --- [           main] org.hibernate.type.BasicTypeRegistry     : Adding type registration time -> org.hibernate.type.BasicTypeReference@1f4f0fcc
2023-06-19T17:36:04.231+09:00 DEBUG 3870 --- [           main] org.hibernate.type.BasicTypeRegistry     : Adding type registration java.sql.Time -> org.hibernate.type.BasicTypeReference@1f4f0fcc
2023-06-19T17:36:04.231+09:00 DEBUG 3870 --- [           main] org.hibernate.type.BasicTypeRegistry     : Adding type registration timestamp -> org.hibernate.type.BasicTypeReference@46c10083
2023-06-19T17:36:04.231+09:00 DEBUG 3870 --- [           main] org.hibernate.type.BasicTypeRegistry     : Adding type registration java.sql.Timestamp -> org.hibernate.type.BasicTypeReference@46c10083
2023-06-19T17:36:04.231+09:00 DEBUG 3870 --- [           main] org.hibernate.type.BasicTypeRegistry     : Adding type registration java.util.Date -> org.hibernate.type.BasicTypeReference@46c10083
2023-06-19T17:36:04.231+09:00 DEBUG 3870 --- [           main] org.hibernate.type.BasicTypeRegistry     : Adding type registration calendar -> org.hibernate.type.BasicTypeReference@28e8888d
2023-06-19T17:36:04.231+09:00 DEBUG 3870 --- [           main] org.hibernate.type.BasicTypeRegistry     : Adding type registration java.util.Calendar -> org.hibernate.type.BasicTypeReference@28e8888d
2023-06-19T17:36:04.231+09:00 DEBUG 3870 --- [           main] org.hibernate.type.BasicTypeRegistry     : Adding type registration java.util.GregorianCalendar -> org.hibernate.type.BasicTypeReference@28e8888d
2023-06-19T17:36:04.231+09:00 DEBUG 3870 --- [           main] org.hibernate.type.BasicTypeRegistry     : Adding type registration calendar_date -> org.hibernate.type.BasicTypeReference@1e98b788
2023-06-19T17:36:04.231+09:00 DEBUG 3870 --- [           main] org.hibernate.type.BasicTypeRegistry     : Adding type registration calendar_time -> org.hibernate.type.BasicTypeReference@794eeaf8
2023-06-19T17:36:04.231+09:00 DEBUG 3870 --- [           main] org.hibernate.type.BasicTypeRegistry     : Adding type registration instant -> org.hibernate.type.BasicTypeReference@37c5284a
2023-06-19T17:36:04.231+09:00 DEBUG 3870 --- [           main] org.hibernate.type.BasicTypeRegistry     : Adding type registration java.time.Instant -> org.hibernate.type.BasicTypeReference@37c5284a
2023-06-19T17:36:04.231+09:00 DEBUG 3870 --- [           main] org.hibernate.type.BasicTypeRegistry     : Adding type registration uuid -> org.hibernate.type.BasicTypeReference@5b8572df
2023-06-19T17:36:04.231+09:00 DEBUG 3870 --- [           main] org.hibernate.type.BasicTypeRegistry     : Adding type registration java.util.UUID -> org.hibernate.type.BasicTypeReference@5b8572df
2023-06-19T17:36:04.231+09:00 DEBUG 3870 --- [           main] org.hibernate.type.BasicTypeRegistry     : Adding type registration pg-uuid -> org.hibernate.type.BasicTypeReference@5b8572df
2023-06-19T17:36:04.231+09:00 DEBUG 3870 --- [           main] org.hibernate.type.BasicTypeRegistry     : Adding type registration uuid-binary -> org.hibernate.type.BasicTypeReference@7aaad0
2023-06-19T17:36:04.232+09:00 DEBUG 3870 --- [           main] org.hibernate.type.BasicTypeRegistry     : Adding type registration uuid-char -> org.hibernate.type.BasicTypeReference@eed890d
2023-06-19T17:36:04.232+09:00 DEBUG 3870 --- [           main] org.hibernate.type.BasicTypeRegistry     : Adding type registration class -> org.hibernate.type.BasicTypeReference@10f477e2
2023-06-19T17:36:04.232+09:00 DEBUG 3870 --- [           main] org.hibernate.type.BasicTypeRegistry     : Adding type registration java.lang.Class -> org.hibernate.type.BasicTypeReference@10f477e2
2023-06-19T17:36:04.232+09:00 DEBUG 3870 --- [           main] org.hibernate.type.BasicTypeRegistry     : Adding type registration currency -> org.hibernate.type.BasicTypeReference@6097fca9
2023-06-19T17:36:04.232+09:00 DEBUG 3870 --- [           main] org.hibernate.type.BasicTypeRegistry     : Adding type registration Currency -> org.hibernate.type.BasicTypeReference@6097fca9
2023-06-19T17:36:04.232+09:00 DEBUG 3870 --- [           main] org.hibernate.type.BasicTypeRegistry     : Adding type registration java.util.Currency -> org.hibernate.type.BasicTypeReference@6097fca9
2023-06-19T17:36:04.232+09:00 DEBUG 3870 --- [           main] org.hibernate.type.BasicTypeRegistry     : Adding type registration locale -> org.hibernate.type.BasicTypeReference@35eee641
2023-06-19T17:36:04.232+09:00 DEBUG 3870 --- [           main] org.hibernate.type.BasicTypeRegistry     : Adding type registration java.util.Locale -> org.hibernate.type.BasicTypeReference@35eee641
2023-06-19T17:36:04.232+09:00 DEBUG 3870 --- [           main] org.hibernate.type.BasicTypeRegistry     : Adding type registration serializable -> org.hibernate.type.BasicTypeReference@5729b410
2023-06-19T17:36:04.232+09:00 DEBUG 3870 --- [           main] org.hibernate.type.BasicTypeRegistry     : Adding type registration java.io.Serializable -> org.hibernate.type.BasicTypeReference@5729b410
2023-06-19T17:36:04.232+09:00 DEBUG 3870 --- [           main] org.hibernate.type.BasicTypeRegistry     : Adding type registration timezone -> org.hibernate.type.BasicTypeReference@64518270
2023-06-19T17:36:04.232+09:00 DEBUG 3870 --- [           main] org.hibernate.type.BasicTypeRegistry     : Adding type registration java.util.TimeZone -> org.hibernate.type.BasicTypeReference@64518270
2023-06-19T17:36:04.232+09:00 DEBUG 3870 --- [           main] org.hibernate.type.BasicTypeRegistry     : Adding type registration ZoneOffset -> org.hibernate.type.BasicTypeReference@3b7c58e7
2023-06-19T17:36:04.232+09:00 DEBUG 3870 --- [           main] org.hibernate.type.BasicTypeRegistry     : Adding type registration java.time.ZoneOffset -> org.hibernate.type.BasicTypeReference@3b7c58e7
2023-06-19T17:36:04.232+09:00 DEBUG 3870 --- [           main] org.hibernate.type.BasicTypeRegistry     : Adding type registration url -> org.hibernate.type.BasicTypeReference@79627d27
2023-06-19T17:36:04.232+09:00 DEBUG 3870 --- [           main] org.hibernate.type.BasicTypeRegistry     : Adding type registration java.net.URL -> org.hibernate.type.BasicTypeReference@79627d27
2023-06-19T17:36:04.232+09:00 DEBUG 3870 --- [           main] org.hibernate.type.BasicTypeRegistry     : Adding type registration row_version -> org.hibernate.type.BasicTypeReference@6371cf2f
2023-06-19T17:36:04.234+09:00 DEBUG 3870 --- [           main] org.hibernate.type.BasicTypeRegistry     : Adding type registration object -> org.hibernate.type.JavaObjectType@382dc417
2023-06-19T17:36:04.234+09:00 DEBUG 3870 --- [           main] org.hibernate.type.BasicTypeRegistry     : Adding type registration java.lang.Object -> org.hibernate.type.JavaObjectType@382dc417
2023-06-19T17:36:04.235+09:00 DEBUG 3870 --- [           main] org.hibernate.type.BasicTypeRegistry     : Adding type registration null -> org.hibernate.type.NullType@7302ff13
2023-06-19T17:36:04.235+09:00 DEBUG 3870 --- [           main] org.hibernate.type.BasicTypeRegistry     : Adding type registration imm_date -> org.hibernate.type.BasicTypeReference@4017fe2c
2023-06-19T17:36:04.235+09:00 DEBUG 3870 --- [           main] org.hibernate.type.BasicTypeRegistry     : Adding type registration imm_time -> org.hibernate.type.BasicTypeReference@1961d75a
2023-06-19T17:36:04.235+09:00 DEBUG 3870 --- [           main] org.hibernate.type.BasicTypeRegistry     : Adding type registration imm_timestamp -> org.hibernate.type.BasicTypeReference@3e26482
2023-06-19T17:36:04.235+09:00 DEBUG 3870 --- [           main] org.hibernate.type.BasicTypeRegistry     : Adding type registration imm_calendar -> org.hibernate.type.BasicTypeReference@7cfb0c4c
2023-06-19T17:36:04.235+09:00 DEBUG 3870 --- [           main] org.hibernate.type.BasicTypeRegistry     : Adding type registration imm_calendar_date -> org.hibernate.type.BasicTypeReference@6b37df8e
2023-06-19T17:36:04.235+09:00 DEBUG 3870 --- [           main] org.hibernate.type.BasicTypeRegistry     : Adding type registration imm_calendar_time -> org.hibernate.type.BasicTypeReference@6b63abdc
2023-06-19T17:36:04.235+09:00 DEBUG 3870 --- [           main] org.hibernate.type.BasicTypeRegistry     : Adding type registration imm_binary -> org.hibernate.type.BasicTypeReference@7b351446
2023-06-19T17:36:04.235+09:00 DEBUG 3870 --- [           main] org.hibernate.type.BasicTypeRegistry     : Adding type registration imm_serializable -> org.hibernate.type.BasicTypeReference@5f08fe00
2023-06-19T17:36:04.244+09:00  INFO 3870 --- [           main] o.h.b.i.BytecodeProviderInitiator        : HHH000021: Bytecode provider name : bytebuddy
2023-06-19T17:36:04.299+09:00  INFO 3870 --- [           main] o.s.o.j.p.SpringPersistenceUnitInfo      : No LoadTimeWeaver setup: ignoring JPA class transformer
2023-06-19T17:36:04.306+09:00  INFO 3870 --- [           main] com.zaxxer.hikari.HikariDataSource       : HikariPool-1 - Starting...
2023-06-19T17:36:04.569+09:00  INFO 3870 --- [           main] com.zaxxer.hikari.pool.HikariPool        : HikariPool-1 - Added connection com.mysql.cj.jdbc.ConnectionImpl@5835e24a
2023-06-19T17:36:04.570+09:00  INFO 3870 --- [           main] com.zaxxer.hikari.HikariDataSource       : HikariPool-1 - Start completed.
2023-06-19T17:36:04.611+09:00  INFO 3870 --- [           main] org.hibernate.orm.dialect                : HHH035001: Using dialect: org.hibernate.dialect.MySQLDialect, version: 8.0.21
2023-06-19T17:36:04.622+09:00 DEBUG 3870 --- [           main] o.h.t.d.sql.spi.DdlTypeRegistry          : addDescriptor(12, org.hibernate.type.descriptor.sql.internal.CapacityDependentDdlType@30af23fd) replaced previous registration(org.hibernate.type.descriptor.sql.internal.CapacityDependentDdlType@65fc8edc)
2023-06-19T17:36:04.622+09:00 DEBUG 3870 --- [           main] o.h.t.d.sql.spi.DdlTypeRegistry          : addDescriptor(-9, org.hibernate.type.descriptor.sql.internal.CapacityDependentDdlType@a357c3e) replaced previous registration(org.hibernate.type.descriptor.sql.internal.CapacityDependentDdlType@7740b0ab)
2023-06-19T17:36:04.622+09:00 DEBUG 3870 --- [           main] o.h.t.d.sql.spi.DdlTypeRegistry          : addDescriptor(-3, org.hibernate.type.descriptor.sql.internal.CapacityDependentDdlType@3eb9c575) replaced previous registration(org.hibernate.type.descriptor.sql.internal.CapacityDependentDdlType@3f322610)
2023-06-19T17:36:04.622+09:00 DEBUG 3870 --- [           main] o.h.t.d.sql.spi.DdlTypeRegistry          : addDescriptor(4003, org.hibernate.type.descriptor.sql.internal.DdlTypeImpl@1e477944) replaced previous registration(org.hibernate.type.descriptor.sql.internal.DdlTypeImpl@6cf047cf)
2023-06-19T17:36:04.622+09:00 DEBUG 3870 --- [           main] o.h.t.d.sql.spi.DdlTypeRegistry          : addDescriptor(4001, org.hibernate.type.descriptor.sql.internal.DdlTypeImpl@1c92a549) replaced previous registration(org.hibernate.type.descriptor.sql.internal.DdlTypeImpl@323e026d)
2023-06-19T17:36:04.622+09:00 DEBUG 3870 --- [           main] o.h.t.d.sql.spi.DdlTypeRegistry          : addDescriptor(4002, org.hibernate.type.descriptor.sql.internal.DdlTypeImpl@1716c037) replaced previous registration(org.hibernate.type.descriptor.sql.internal.DdlTypeImpl@79b63325)
2023-06-19T17:36:04.622+09:00 DEBUG 3870 --- [           main] o.h.t.d.sql.spi.DdlTypeRegistry          : addDescriptor(2004, org.hibernate.type.descriptor.sql.internal.CapacityDependentDdlType@708769b7) replaced previous registration(org.hibernate.type.descriptor.sql.internal.DdlTypeImpl@32e830a0)
2023-06-19T17:36:04.622+09:00 DEBUG 3870 --- [           main] o.h.t.d.sql.spi.DdlTypeRegistry          : addDescriptor(2005, org.hibernate.type.descriptor.sql.internal.CapacityDependentDdlType@135e49b2) replaced previous registration(org.hibernate.type.descriptor.sql.internal.DdlTypeImpl@5bb97fe7)
2023-06-19T17:36:04.622+09:00 DEBUG 3870 --- [           main] o.h.t.d.sql.spi.DdlTypeRegistry          : addDescriptor(2011, org.hibernate.type.descriptor.sql.internal.CapacityDependentDdlType@10b87ff6) replaced previous registration(org.hibernate.type.descriptor.sql.internal.DdlTypeImpl@63262071)
2023-06-19T17:36:04.623+09:00 DEBUG 3870 --- [           main] o.h.t.d.jdbc.spi.JdbcTypeRegistry        : addDescriptor(NCharTypeDescriptor) replaced previous registration(CharTypeDescriptor)
2023-06-19T17:36:04.623+09:00 DEBUG 3870 --- [           main] o.h.t.d.jdbc.spi.JdbcTypeRegistry        : addDescriptor(NVarcharTypeDescriptor) replaced previous registration(VarcharTypeDescriptor)
2023-06-19T17:36:04.623+09:00 DEBUG 3870 --- [           main] o.h.t.d.jdbc.spi.JdbcTypeRegistry        : addDescriptor(LongNVarcharTypeDescriptor) replaced previous registration(LongVarcharTypeDescriptor)
2023-06-19T17:36:04.624+09:00 DEBUG 3870 --- [           main] o.h.t.d.jdbc.spi.JdbcTypeRegistry        : addDescriptor(NClobTypeDescriptor(DEFAULT)) replaced previous registration(ClobTypeDescriptor(DEFAULT))
2023-06-19T17:36:04.624+09:00 DEBUG 3870 --- [           main] o.h.t.d.jdbc.spi.JdbcTypeRegistry        : addDescriptor(2005, ClobTypeDescriptor(STREAM_BINDING)) replaced previous registration(ClobTypeDescriptor(DEFAULT))
2023-06-19T17:36:04.628+09:00 DEBUG 3870 --- [           main] org.hibernate.type.BasicTypeRegistry     : Adding type registration null -> org.hibernate.type.NullType@606b53a3
2023-06-19T17:36:04.628+09:00 DEBUG 3870 --- [           main] org.hibernate.type.BasicTypeRegistry     : Type registration key [null] overrode previous entry : `org.hibernate.type.NullType@7302ff13`
2023-06-19T17:36:04.631+09:00 DEBUG 3870 --- [           main] org.hibernate.type.BasicTypeRegistry     : Adding type registration org.hibernate.type.OffsetDateTimeType -> basicType@1(java.time.OffsetDateTime,3003)
2023-06-19T17:36:04.631+09:00 DEBUG 3870 --- [           main] org.hibernate.type.BasicTypeRegistry     : Adding type registration OffsetDateTime -> basicType@1(java.time.OffsetDateTime,3003)
2023-06-19T17:36:04.631+09:00 DEBUG 3870 --- [           main] org.hibernate.type.BasicTypeRegistry     : Adding type registration java.time.OffsetDateTime -> basicType@1(java.time.OffsetDateTime,3003)
2023-06-19T17:36:04.631+09:00 DEBUG 3870 --- [           main] org.hibernate.type.BasicTypeRegistry     : Adding type registration org.hibernate.type.ZonedDateTimeType -> basicType@2(java.time.ZonedDateTime,3003)
2023-06-19T17:36:04.631+09:00 DEBUG 3870 --- [           main] org.hibernate.type.BasicTypeRegistry     : Adding type registration ZonedDateTime -> basicType@2(java.time.ZonedDateTime,3003)
2023-06-19T17:36:04.631+09:00 DEBUG 3870 --- [           main] org.hibernate.type.BasicTypeRegistry     : Adding type registration java.time.ZonedDateTime -> basicType@2(java.time.ZonedDateTime,3003)
2023-06-19T17:36:04.631+09:00 DEBUG 3870 --- [           main] org.hibernate.type.BasicTypeRegistry     : Adding type registration org.hibernate.type.OffsetTimeType -> basicType@3(java.time.OffsetTime,3007)
2023-06-19T17:36:04.631+09:00 DEBUG 3870 --- [           main] org.hibernate.type.BasicTypeRegistry     : Adding type registration OffsetTime -> basicType@3(java.time.OffsetTime,3007)
2023-06-19T17:36:04.632+09:00 DEBUG 3870 --- [           main] org.hibernate.type.BasicTypeRegistry     : Adding type registration java.time.OffsetTime -> basicType@3(java.time.OffsetTime,3007)
2023-06-19T17:36:04.632+09:00 DEBUG 3870 --- [           main] o.h.type.spi.TypeConfiguration$Scope     : Scoping TypeConfiguration [org.hibernate.type.spi.TypeConfiguration@7b4b8199] to MetadataBuildingContext [org.hibernate.boot.internal.MetadataBuildingContextRootImpl@4bbf20d1]
2023-06-19T17:36:04.698+09:00  INFO 3870 --- [           main] o.h.b.i.BytecodeProviderInitiator        : HHH000021: Bytecode provider name : bytebuddy
2023-06-19T17:36:04.960+09:00  INFO 3870 --- [           main] o.h.e.t.j.p.i.JtaPlatformInitiator       : HHH000490: Using JtaPlatform implementation: [org.hibernate.engine.transaction.jta.platform.internal.NoJtaPlatform]
2023-06-19T17:36:04.961+09:00 DEBUG 3870 --- [           main] o.h.type.spi.TypeConfiguration$Scope     : Scoping TypeConfiguration [org.hibernate.type.spi.TypeConfiguration@7b4b8199] to SessionFactoryImplementor [org.hibernate.internal.SessionFactoryImpl@788d9139]
Hibernate: 
    alter table board_entity 
       modify column content  TEXT not null
Hibernate: 
    alter table board_entity 
       modify column created_date  datetime(6)
Hibernate: 
    alter table board_entity 
       modify column modified_date  datetime(6)
2023-06-19T17:36:05.116+09:00 TRACE 3870 --- [           main] o.h.type.spi.TypeConfiguration$Scope     : Handling #sessionFactoryCreated from [org.hibernate.internal.SessionFactoryImpl@788d9139] for TypeConfiguration
2023-06-19T17:36:05.116+09:00  INFO 3870 --- [           main] j.LocalContainerEntityManagerFactoryBean : Initialized JPA EntityManagerFactory for persistence unit 'default'
2023-06-19T17:36:05.321+09:00  WARN 3870 --- [           main] JpaBaseConfiguration$JpaWebConfiguration : spring.jpa.open-in-view is enabled by default. Therefore, database queries may be performed during view rendering. Explicitly configure spring.jpa.open-in-view to disable this warning
2023-06-19T17:36:05.522+09:00  INFO 3870 --- [           main] com.example.demo.DemoApplicationTests    : Started DemoApplicationTests in 2.118 seconds (process running for 2.503)
]]></system-out>
  </testcase>
</testsuite>